<?xml version="1.0" encoding="UTF-8"?>
<!-- Generated by org.testng.reporters.JUnitXMLReporter -->
<testsuite hostname="01HW902838" ignored="9" name="Reg Search REG" tests="12" failures="2" timestamp="03 Sep 2019 14:28:53 GMT" time="121.285" errors="0">
  <testcase name="loginWebAssistCorrect" time="12.819" classname="webassist.login.LoginTest"/>
  <testcase name="enterRole" time="8.031" classname="webassist.role.RoleTest"/>
  <testcase name="RegSearchTestMethodRegClear" time="14.125" classname="webassist.regSearch.RegSearchRegTest"/>
  <testcase name="RegSearchTestMethodRegInvalid" time="24.498" classname="webassist.regSearch.RegSearchRegTest"/>
  <testcase name="RegSearchTestMethodRegInvalidLength" time="33.813" classname="webassist.regSearch.RegSearchRegTest"/>
  <testcase name="RegSearchTestMethodRegCorrect" time="5.018" classname="webassist.regSearch.RegSearchRegTest"/>
  <testcase name="REGSearchTestMethodREGOutputValidation" time="0.016" classname="webassist.regSearch.RegSearchRegTest"/>
  <testcase name="REGSearchTestMethodREGOutputValidation" time="0.016" classname="webassist.regSearch.RegSearchRegTest"/>
  <testcase name="REGSearchTestMethodREGOutputValidation" time="0.016" classname="webassist.regSearch.RegSearchRegTest"/>
  <testcase name="REGSearchTestMethodREGOutputValidation" time="0.015" classname="webassist.regSearch.RegSearchRegTest">
    <failure type="java.lang.NullPointerException">
      <![CDATA[java.lang.NullPointerException
at webassist.util.Verify.verifyREGDetailsPageValue(Verify.java:152)
at webassist.applicationflow.regSearch.RegSearchReg.verifyREGDetailsPage(RegSearchReg.java:127)
at webassist.regSearch.RegSearchRegTest.REGSearchTestMethodREGOutputValidation(RegSearchRegTest.java:62)
... Removed 25 stack frames]]>
    </failure>
  </testcase> <!-- REGSearchTestMethodREGOutputValidation -->
  <testcase name="REGSearchTestMethodREGOutputValidation" time="0.016" classname="webassist.regSearch.RegSearchRegTest">
    <failure type="java.lang.NullPointerException">
      <![CDATA[java.lang.NullPointerException
at webassist.util.Verify.verifyREGDetailsPageValue(Verify.java:152)
at webassist.applicationflow.regSearch.RegSearchReg.verifyREGDetailsPage(RegSearchReg.java:127)
at webassist.regSearch.RegSearchRegTest.REGSearchTestMethodREGOutputValidation(RegSearchRegTest.java:62)
... Removed 25 stack frames]]>
    </failure>
  </testcase> <!-- REGSearchTestMethodREGOutputValidation -->
  <testcase name="REGSearchTestMethodREGOutputValidation" time="0.031" classname="webassist.regSearch.RegSearchRegTest"/>
  <testcase name="loginWebAssistIncorrectPassword" time="0.0" classname="webassist.login.LoginTest">
    <ignored/>
  </testcase> <!-- loginWebAssistIncorrectPassword -->
  <testcase name="@BeforeTest beforeTestSetup" time="0.0" classname="webassist.BaseTest">
    <ignored/>
  </testcase> <!-- @BeforeTest beforeTestSetup -->
  <testcase name="@BeforeTest beforeTestSetup" time="0.0" classname="webassist.BaseTest">
    <ignored/>
  </testcase> <!-- @BeforeTest beforeTestSetup -->
  <testcase name="loginWebAssistIncorrectUserName" time="0.0" classname="webassist.login.LoginTest">
    <ignored/>
  </testcase> <!-- loginWebAssistIncorrectUserName -->
  <testcase name="enterRoleName" time="0.0" classname="webassist.role.RoleTest">
    <ignored/>
  </testcase> <!-- enterRoleName -->
  <testcase name="@AfterTest closeAll" time="0.0" classname="webassist.BaseTest">
    <ignored/>
  </testcase> <!-- @AfterTest closeAll -->
  <testcase name="@AfterTest closeAll" time="0.0" classname="webassist.BaseTest">
    <ignored/>
  </testcase> <!-- @AfterTest closeAll -->
  <testcase name="@BeforeSuite beforeSuiteSetup" time="0.0" classname="webassist.BaseTest">
    <ignored/>
  </testcase> <!-- @BeforeSuite beforeSuiteSetup -->
  <testcase name="@BeforeSuite beforeSuiteSetup" time="0.0" classname="webassist.BaseTest">
    <ignored/>
  </testcase> <!-- @BeforeSuite beforeSuiteSetup -->
</testsuite> <!-- Reg Search REG -->
