<?xml version="1.0" encoding="UTF-8"?>
<!-- Generated by org.testng.reporters.JUnitXMLReporter -->
<testsuite hostname="01HW902838" ignored="9" name="AS Search UIN" tests="7" failures="0" timestamp="13 Sep 2019 08:29:26 GMT" time="22.775" errors="0">
  <testcase name="@BeforeTest beforeTestSetup" time="22.61" classname="webassist.BaseTest">
    <failure type="org.openqa.selenium.WebDriverException" message="Timed out waiting for driver server to start.
Build info: version: &amp;apos;3.14.0&amp;apos;, revision: &amp;apos;aacccce0&amp;apos;, time: &amp;apos;2018-08-02T20:19:58.91Z&amp;apos;
System info: host: &amp;apos;01HW902838&amp;apos;, ip: &amp;apos;10.25.151.44&amp;apos;, os.name: &amp;apos;Windows 7&amp;apos;, os.arch: &amp;apos;amd64&amp;apos;, os.version: &amp;apos;6.1&amp;apos;, java.version: &amp;apos;1.8.0_201&amp;apos;
Driver info: driver.version: ChromeDriver">
      <![CDATA[org.openqa.selenium.WebDriverException: Timed out waiting for driver server to start.
Build info: version: '3.14.0', revision: 'aacccce0', time: '2018-08-02T20:19:58.91Z'
System info: host: '01HW902838', ip: '10.25.151.44', os.name: 'Windows 7', os.arch: 'amd64', os.version: '6.1', java.version: '1.8.0_201'
Driver info: driver.version: ChromeDriver
at org.openqa.selenium.remote.service.DriverService.waitUntilAvailable(DriverService.java:193)
at org.openqa.selenium.remote.service.DriverService.start(DriverService.java:179)
at org.openqa.selenium.remote.service.DriverCommandExecutor.execute(DriverCommandExecutor.java:79)
at org.openqa.selenium.remote.RemoteWebDriver.execute(RemoteWebDriver.java:548)
at org.openqa.selenium.remote.RemoteWebDriver.startSession(RemoteWebDriver.java:212)
at org.openqa.selenium.remote.RemoteWebDriver.<init>(RemoteWebDriver.java:130)
at org.openqa.selenium.chrome.ChromeDriver.<init>(ChromeDriver.java:181)
at org.openqa.selenium.chrome.ChromeDriver.<init>(ChromeDriver.java:168)
at org.openqa.selenium.chrome.ChromeDriver.<init>(ChromeDriver.java:123)
at webassist.util.Base.launchBrowser(Base.java:19)
at webassist.BaseTest.beforeTestSetup(BaseTest.java:55)
Caused by: org.openqa.selenium.net.UrlChecker$TimeoutException: Timed out waiting for [http://localhost:37870/status] to be available after 20004 ms
at org.openqa.selenium.net.UrlChecker.waitUntilAvailable(UrlChecker.java:100)
at org.openqa.selenium.remote.service.DriverService.waitUntilAvailable(DriverService.java:188)
... 37 more
Caused by: java.util.concurrent.TimeoutException
at java.util.concurrent.FutureTask.get(FutureTask.java:205)
at com.google.common.util.concurrent.SimpleTimeLimiter.callWithTimeout(SimpleTimeLimiter.java:156)
at org.openqa.selenium.net.UrlChecker.waitUntilAvailable(UrlChecker.java:75)
... 38 more
... Removed 27 stack frames]]>
    </failure>
  </testcase> <!-- @BeforeTest beforeTestSetup -->
  <testcase name="@AfterMethod fetchMostRecentTestResult" time="0.0" classname="webassist.BaseTest">
    <skipped/>
  </testcase> <!-- @AfterMethod fetchMostRecentTestResult -->
  <testcase name="@AfterMethod fetchMostRecentTestResult" time="0.0" classname="webassist.BaseTest">
    <skipped/>
  </testcase> <!-- @AfterMethod fetchMostRecentTestResult -->
  <testcase name="@AfterMethod fetchMostRecentTestResult" time="0.0" classname="webassist.BaseTest">
    <skipped/>
  </testcase> <!-- @AfterMethod fetchMostRecentTestResult -->
  <testcase name="@AfterTest closeAll" time="0.0" classname="webassist.BaseTest">
    <skipped/>
  </testcase> <!-- @AfterTest closeAll -->
  <testcase name="loginWebAssistCorrect" time="0.0" classname="webassist.login.LoginTest">
    <skipped/>
  </testcase> <!-- loginWebAssistCorrect -->
  <testcase name="enterRole" time="0.0" classname="webassist.role.RoleTest">
    <skipped/>
  </testcase> <!-- enterRole -->
  <testcase name="ASSearchTestMethodUINClear" time="0.0" classname="webassist.asSearch.ASSearchUINTest">
    <skipped/>
  </testcase> <!-- ASSearchTestMethodUINClear -->
  <testcase name="ASSearchTestMethodUINInvalid" time="0.0" classname="webassist.asSearch.ASSearchUINTest">
    <skipped/>
  </testcase> <!-- ASSearchTestMethodUINInvalid -->
  <testcase name="ASSearchTestMethodUINCorrect" time="0.0" classname="webassist.asSearch.ASSearchUINTest">
    <skipped/>
  </testcase> <!-- ASSearchTestMethodUINCorrect -->
  <testcase name="ASSearchTestMethodUINOutputValidation" time="0.0" classname="webassist.asSearch.ASSearchUINTest">
    <skipped/>
  </testcase> <!-- ASSearchTestMethodUINOutputValidation -->
  <testcase name="ASSearchTestMethodUINPageResults" time="0.0" classname="webassist.asSearch.ASSearchUINTest">
    <skipped/>
  </testcase> <!-- ASSearchTestMethodUINPageResults -->
  <testcase name="loginWebAssistIncorrectPassword" time="0.0" classname="webassist.login.LoginTest">
    <ignored/>
  </testcase> <!-- loginWebAssistIncorrectPassword -->
  <testcase name="@BeforeTest beforeTestSetup" time="0.0" classname="webassist.BaseTest">
    <ignored/>
  </testcase> <!-- @BeforeTest beforeTestSetup -->
  <testcase name="@BeforeTest beforeTestSetup" time="0.0" classname="webassist.BaseTest">
    <ignored/>
  </testcase> <!-- @BeforeTest beforeTestSetup -->
  <testcase name="loginWebAssistIncorrectUserName" time="0.0" classname="webassist.login.LoginTest">
    <ignored/>
  </testcase> <!-- loginWebAssistIncorrectUserName -->
  <testcase name="enterRoleName" time="0.0" classname="webassist.role.RoleTest">
    <ignored/>
  </testcase> <!-- enterRoleName -->
  <testcase name="@AfterTest closeAll" time="0.0" classname="webassist.BaseTest">
    <ignored/>
  </testcase> <!-- @AfterTest closeAll -->
  <testcase name="@AfterTest closeAll" time="0.0" classname="webassist.BaseTest">
    <ignored/>
  </testcase> <!-- @AfterTest closeAll -->
  <testcase name="@BeforeSuite beforeSuiteSetup" time="0.0" classname="webassist.BaseTest">
    <ignored/>
  </testcase> <!-- @BeforeSuite beforeSuiteSetup -->
  <testcase name="@BeforeSuite beforeSuiteSetup" time="0.0" classname="webassist.BaseTest">
    <ignored/>
  </testcase> <!-- @BeforeSuite beforeSuiteSetup -->
</testsuite> <!-- AS Search UIN -->
