<?xml version="1.0" encoding="UTF-8"?>
<!-- Generated by org.testng.reporters.JUnitXMLReporter -->
<testsuite hostname="01HW808506" ignored="9" name="Reg Search SSD" tests="5" failures="1" timestamp="27 Jun 2019 10:14:49 GMT" time="114.573" errors="0">
  <testcase name="loginWebAssistCorrect" time="15.887" classname="webassist.login.LoginTest"/>
  <testcase name="enterRole" time="7.307" classname="webassist.role.RoleTest"/>
  <testcase name="RegSearchTestMethodSSDClear" time="8.959" classname="webassist.regSearch.RegSearchSSDTest"/>
  <testcase name="RegSearchTestMethodSSDInvalid" time="32.667" classname="webassist.regSearch.RegSearchSSDTest"/>
  <testcase name="RegSearchTestMethodSSDCorrect" time="32.664" classname="webassist.regSearch.RegSearchSSDTest">
    <failure type="java.lang.AssertionError" message="Invalid SSD Validation Not Working expected [true] but found [false]">
      <![CDATA[java.lang.AssertionError: Invalid SSD Validation Not Working expected [true] but found [false]
at webassist.regSearch.RegSearchSSDTest.RegSearchTestMethodSSDCorrect(RegSearchSSDTest.java:36)
... Removed 31 stack frames]]>
    </failure>
  </testcase> <!-- RegSearchTestMethodSSDCorrect -->
  <testcase name="loginWebAssistIncorrectPassword" time="0.0" classname="webassist.login.LoginTest">
    <ignored/>
  </testcase> <!-- loginWebAssistIncorrectPassword -->
  <testcase name="@BeforeTest beforeTestSetup" time="0.0" classname="webassist.BaseTest">
    <ignored/>
  </testcase> <!-- @BeforeTest beforeTestSetup -->
  <testcase name="@BeforeTest beforeTestSetup" time="0.0" classname="webassist.BaseTest">
    <ignored/>
  </testcase> <!-- @BeforeTest beforeTestSetup -->
  <testcase name="loginWebAssistIncorrectUserName" time="0.0" classname="webassist.login.LoginTest">
    <ignored/>
  </testcase> <!-- loginWebAssistIncorrectUserName -->
  <testcase name="enterRoleName" time="0.0" classname="webassist.role.RoleTest">
    <ignored/>
  </testcase> <!-- enterRoleName -->
  <testcase name="@AfterTest closeAll" time="0.0" classname="webassist.BaseTest">
    <ignored/>
  </testcase> <!-- @AfterTest closeAll -->
  <testcase name="@AfterTest closeAll" time="0.0" classname="webassist.BaseTest">
    <ignored/>
  </testcase> <!-- @AfterTest closeAll -->
  <testcase name="@BeforeSuite beforeSuiteSetup" time="0.0" classname="webassist.BaseTest">
    <ignored/>
  </testcase> <!-- @BeforeSuite beforeSuiteSetup -->
  <testcase name="@BeforeSuite beforeSuiteSetup" time="0.0" classname="webassist.BaseTest">
    <ignored/>
  </testcase> <!-- @BeforeSuite beforeSuiteSetup -->
</testsuite> <!-- Reg Search SSD -->
