<?xml version="1.0" encoding="UTF-8"?>
<!-- Generated by org.testng.reporters.JUnitXMLReporter -->
<testsuite hostname="01HW808506" ignored="9" name="Reg Search TC" tests="6" failures="0" timestamp="10 Jul 2019 11:52:57 GMT" time="73.145" errors="0">
  <testcase name="@BeforeTest beforeTestSetup" time="71.849" classname="webassist.BaseTest">
    <failure type="org.openqa.selenium.WebDriverException" message="unknown error: DevToolsActivePort file doesn&amp;apos;t exist
Build info: version: &amp;apos;3.14.0&amp;apos;, revision: &amp;apos;aacccce0&amp;apos;, time: &amp;apos;2018-08-02T20:19:58.91Z&amp;apos;
System info: host: &amp;apos;01HW808506&amp;apos;, ip: &amp;apos;10.151.241.247&amp;apos;, os.name: &amp;apos;Windows 7&amp;apos;, os.arch: &amp;apos;amd64&amp;apos;, os.version: &amp;apos;6.1&amp;apos;, java.version: &amp;apos;1.8.0_141&amp;apos;
Driver info: driver.version: ChromeDriver
remote stacktrace: Backtrace:
	Ordinal0 [0x00D71B23+1448739]
	Ordinal0 [0x00CF5A11+940561]
	Ordinal0 [0x00C82293+467603]
	Ordinal0 [0x00C1E91D+59677]
	Ordinal0 [0x00C1BB1D+47901]
	Ordinal0 [0x00C38D19+167193]
	Ordinal0 [0x00C388ED+166125]
	Ordinal0 [0x00C36FFB+159739]
	Ordinal0 [0x00C209F6+68086]
	Ordinal0 [0x00C21990+72080]
	Ordinal0 [0x00C21929+71977]
	GetHandleVerifier [0x00EB2E4C+1172140]
	GetHandleVerifier [0x00E0FE35+504469]
	GetHandleVerifier [0x00E0FBD0+503856]
	Ordinal0 [0x00D7C9A8+1493416]
	GetHandleVerifier [0x00E1060A+506474]
	Ordinal0 [0x00D07136+1012022]
	Ordinal0 [0x00D06FAF+1011631]
	Ordinal0 [0x00D1133B+1053499]
	Ordinal0 [0x00D114A3+1053859]
	Ordinal0 [0x00D104D5+1049813]
	BaseThreadInitThunk [0x76D4343D+18]
	RtlInitializeExceptionChain [0x77359802+99]
	RtlInitializeExceptionChain [0x773597D5+54]
">
      <![CDATA[org.openqa.selenium.WebDriverException: unknown error: DevToolsActivePort file doesn't exist
Build info: version: '3.14.0', revision: 'aacccce0', time: '2018-08-02T20:19:58.91Z'
System info: host: '01HW808506', ip: '10.151.241.247', os.name: 'Windows 7', os.arch: 'amd64', os.version: '6.1', java.version: '1.8.0_141'
Driver info: driver.version: ChromeDriver
remote stacktrace: Backtrace:
Ordinal0 [0x00D71B23+1448739]
Ordinal0 [0x00CF5A11+940561]
Ordinal0 [0x00C82293+467603]
Ordinal0 [0x00C1E91D+59677]
Ordinal0 [0x00C1BB1D+47901]
Ordinal0 [0x00C38D19+167193]
Ordinal0 [0x00C388ED+166125]
Ordinal0 [0x00C36FFB+159739]
Ordinal0 [0x00C209F6+68086]
Ordinal0 [0x00C21990+72080]
Ordinal0 [0x00C21929+71977]
GetHandleVerifier [0x00EB2E4C+1172140]
GetHandleVerifier [0x00E0FE35+504469]
GetHandleVerifier [0x00E0FBD0+503856]
Ordinal0 [0x00D7C9A8+1493416]
GetHandleVerifier [0x00E1060A+506474]
Ordinal0 [0x00D07136+1012022]
Ordinal0 [0x00D06FAF+1011631]
Ordinal0 [0x00D1133B+1053499]
Ordinal0 [0x00D114A3+1053859]
Ordinal0 [0x00D104D5+1049813]
BaseThreadInitThunk [0x76D4343D+18]
RtlInitializeExceptionChain [0x77359802+99]
RtlInitializeExceptionChain [0x773597D5+54]

at org.openqa.selenium.remote.W3CHandshakeResponse.lambda$new$0(W3CHandshakeResponse.java:57)
at org.openqa.selenium.remote.W3CHandshakeResponse.lambda$getResponseFunction$2(W3CHandshakeResponse.java:104)
at org.openqa.selenium.remote.ProtocolHandshake.lambda$createSession$0(ProtocolHandshake.java:122)
at java.util.stream.ReferencePipeline$3$1.accept(ReferencePipeline.java:193)
at java.util.Spliterators$ArraySpliterator.tryAdvance(Spliterators.java:958)
at java.util.stream.ReferencePipeline.forEachWithCancel(ReferencePipeline.java:126)
at java.util.stream.AbstractPipeline.copyIntoWithCancel(AbstractPipeline.java:498)
at java.util.stream.AbstractPipeline.copyInto(AbstractPipeline.java:485)
at java.util.stream.AbstractPipeline.wrapAndCopyInto(AbstractPipeline.java:471)
at java.util.stream.FindOps$FindOp.evaluateSequential(FindOps.java:152)
at java.util.stream.AbstractPipeline.evaluate(AbstractPipeline.java:234)
at java.util.stream.ReferencePipeline.findFirst(ReferencePipeline.java:464)
at org.openqa.selenium.remote.ProtocolHandshake.createSession(ProtocolHandshake.java:125)
at org.openqa.selenium.remote.ProtocolHandshake.createSession(ProtocolHandshake.java:73)
at org.openqa.selenium.remote.HttpCommandExecutor.execute(HttpCommandExecutor.java:136)
at org.openqa.selenium.remote.service.DriverCommandExecutor.execute(DriverCommandExecutor.java:83)
at org.openqa.selenium.remote.RemoteWebDriver.execute(RemoteWebDriver.java:548)
at org.openqa.selenium.remote.RemoteWebDriver.startSession(RemoteWebDriver.java:212)
at org.openqa.selenium.remote.RemoteWebDriver.<init>(RemoteWebDriver.java:130)
at org.openqa.selenium.chrome.ChromeDriver.<init>(ChromeDriver.java:181)
at org.openqa.selenium.chrome.ChromeDriver.<init>(ChromeDriver.java:168)
at org.openqa.selenium.chrome.ChromeDriver.<init>(ChromeDriver.java:123)
at webassist.util.Base.launchBrowser(Base.java:19)
at webassist.BaseTest.beforeTestSetup(BaseTest.java:54)
... Removed 31 stack frames]]>
    </failure>
  </testcase> <!-- @BeforeTest beforeTestSetup -->
  <testcase name="@AfterMethod fetchMostRecentTestResult" time="0.0" classname="webassist.BaseTest">
    <skipped/>
  </testcase> <!-- @AfterMethod fetchMostRecentTestResult -->
  <testcase name="@AfterMethod fetchMostRecentTestResult" time="0.0" classname="webassist.BaseTest">
    <skipped/>
  </testcase> <!-- @AfterMethod fetchMostRecentTestResult -->
  <testcase name="@AfterMethod fetchMostRecentTestResult" time="0.0" classname="webassist.BaseTest">
    <skipped/>
  </testcase> <!-- @AfterMethod fetchMostRecentTestResult -->
  <testcase name="@AfterTest closeAll" time="0.0" classname="webassist.BaseTest">
    <skipped/>
  </testcase> <!-- @AfterTest closeAll -->
  <testcase name="loginWebAssistCorrect" time="0.0" classname="webassist.login.LoginTest">
    <skipped/>
  </testcase> <!-- loginWebAssistCorrect -->
  <testcase name="enterRole" time="0.0" classname="webassist.role.RoleTest">
    <skipped/>
  </testcase> <!-- enterRole -->
  <testcase name="RegSearchTestMethodTCClear" time="0.0" classname="webassist.regSearch.RegSearchTCTest">
    <skipped/>
  </testcase> <!-- RegSearchTestMethodTCClear -->
  <testcase name="RegSearchTestMethodTCID" time="0.0" classname="webassist.regSearch.RegSearchTCTest">
    <skipped/>
  </testcase> <!-- RegSearchTestMethodTCID -->
  <testcase name="RegSearchTestMethodTCDropdown" time="0.0" classname="webassist.regSearch.RegSearchTCTest">
    <skipped/>
  </testcase> <!-- RegSearchTestMethodTCDropdown -->
  <testcase name="RegSearchTestMethodTCCorrect" time="0.0" classname="webassist.regSearch.RegSearchTCTest">
    <skipped/>
  </testcase> <!-- RegSearchTestMethodTCCorrect -->
  <testcase name="loginWebAssistIncorrectPassword" time="0.0" classname="webassist.login.LoginTest">
    <ignored/>
  </testcase> <!-- loginWebAssistIncorrectPassword -->
  <testcase name="@BeforeTest beforeTestSetup" time="0.0" classname="webassist.BaseTest">
    <ignored/>
  </testcase> <!-- @BeforeTest beforeTestSetup -->
  <testcase name="@BeforeTest beforeTestSetup" time="0.0" classname="webassist.BaseTest">
    <ignored/>
  </testcase> <!-- @BeforeTest beforeTestSetup -->
  <testcase name="loginWebAssistIncorrectUserName" time="0.0" classname="webassist.login.LoginTest">
    <ignored/>
  </testcase> <!-- loginWebAssistIncorrectUserName -->
  <testcase name="enterRoleName" time="0.0" classname="webassist.role.RoleTest">
    <ignored/>
  </testcase> <!-- enterRoleName -->
  <testcase name="@AfterTest closeAll" time="0.0" classname="webassist.BaseTest">
    <ignored/>
  </testcase> <!-- @AfterTest closeAll -->
  <testcase name="@AfterTest closeAll" time="0.0" classname="webassist.BaseTest">
    <ignored/>
  </testcase> <!-- @AfterTest closeAll -->
  <testcase name="@BeforeSuite beforeSuiteSetup" time="0.0" classname="webassist.BaseTest">
    <ignored/>
  </testcase> <!-- @BeforeSuite beforeSuiteSetup -->
  <testcase name="@BeforeSuite beforeSuiteSetup" time="0.0" classname="webassist.BaseTest">
    <ignored/>
  </testcase> <!-- @BeforeSuite beforeSuiteSetup -->
</testsuite> <!-- Reg Search TC -->
