<?xml version="1.0" encoding="UTF-8"?>
<!-- Generated by org.testng.reporters.JUnitXMLReporter -->
<testsuite hostname="01HW902838" ignored="0" name="Default test" tests="1" failures="0" timestamp="25 Nov 2019 13:22:44 GMT" time="15.404" errors="0">
  <testcase name="@BeforeTest beforeTestSetup" time="15.341" classname="DemoBDDkk.testfilesphp.basetestphp">
    <failure type="org.openqa.selenium.SessionNotCreatedException" message="session not created: This version of ChromeDriver only supports Chrome version 75
Build info: version: &amp;apos;3.14.0&amp;apos;, revision: &amp;apos;aacccce0&amp;apos;, time: &amp;apos;2018-08-02T20:19:58.91Z&amp;apos;
System info: host: &amp;apos;01HW902838&amp;apos;, ip: &amp;apos;10.25.148.111&amp;apos;, os.name: &amp;apos;Windows 7&amp;apos;, os.arch: &amp;apos;amd64&amp;apos;, os.version: &amp;apos;6.1&amp;apos;, java.version: &amp;apos;1.8.0_131&amp;apos;
Driver info: driver.version: ChromeDriver
remote stacktrace: Backtrace:
	Ordinal0 [0x00AC1B23+1448739]
	Ordinal0 [0x00A45A11+940561]
	Ordinal0 [0x009D2293+467603]
	Ordinal0 [0x0096F27E+62078]
	Ordinal0 [0x0096BBBD+48061]
	Ordinal0 [0x00988D19+167193]
	Ordinal0 [0x009888ED+166125]
	Ordinal0 [0x00986FFB+159739]
	Ordinal0 [0x009709F6+68086]
	Ordinal0 [0x00971990+72080]
	Ordinal0 [0x00971929+71977]
	GetHandleVerifier [0x00C02E4C+1172140]
	GetHandleVerifier [0x00B5FE35+504469]
	GetHandleVerifier [0x00B5FBD0+503856]
	Ordinal0 [0x00ACC9A8+1493416]
	GetHandleVerifier [0x00B6060A+506474]
	Ordinal0 [0x00A57136+1012022]
	Ordinal0 [0x00A56FAF+1011631]
	Ordinal0 [0x00A6133B+1053499]
	Ordinal0 [0x00A614A3+1053859]
	Ordinal0 [0x00A604D5+1049813]
	BaseThreadInitThunk [0x759C343D+18]
	RtlInitializeExceptionChain [0x77B49812+99]
	RtlInitializeExceptionChain [0x77B497E5+54]
">
      <![CDATA[org.openqa.selenium.SessionNotCreatedException: session not created: This version of ChromeDriver only supports Chrome version 75
Build info: version: '3.14.0', revision: 'aacccce0', time: '2018-08-02T20:19:58.91Z'
System info: host: '01HW902838', ip: '10.25.148.111', os.name: 'Windows 7', os.arch: 'amd64', os.version: '6.1', java.version: '1.8.0_131'
Driver info: driver.version: ChromeDriver
remote stacktrace: Backtrace:
Ordinal0 [0x00AC1B23+1448739]
Ordinal0 [0x00A45A11+940561]
Ordinal0 [0x009D2293+467603]
Ordinal0 [0x0096F27E+62078]
Ordinal0 [0x0096BBBD+48061]
Ordinal0 [0x00988D19+167193]
Ordinal0 [0x009888ED+166125]
Ordinal0 [0x00986FFB+159739]
Ordinal0 [0x009709F6+68086]
Ordinal0 [0x00971990+72080]
Ordinal0 [0x00971929+71977]
GetHandleVerifier [0x00C02E4C+1172140]
GetHandleVerifier [0x00B5FE35+504469]
GetHandleVerifier [0x00B5FBD0+503856]
Ordinal0 [0x00ACC9A8+1493416]
GetHandleVerifier [0x00B6060A+506474]
Ordinal0 [0x00A57136+1012022]
Ordinal0 [0x00A56FAF+1011631]
Ordinal0 [0x00A6133B+1053499]
Ordinal0 [0x00A614A3+1053859]
Ordinal0 [0x00A604D5+1049813]
BaseThreadInitThunk [0x759C343D+18]
RtlInitializeExceptionChain [0x77B49812+99]
RtlInitializeExceptionChain [0x77B497E5+54]

at sun.reflect.NativeConstructorAccessorImpl.newInstance0(Native Method)
at sun.reflect.NativeConstructorAccessorImpl.newInstance(Unknown Source)
at sun.reflect.DelegatingConstructorAccessorImpl.newInstance(Unknown Source)
at java.lang.reflect.Constructor.newInstance(Unknown Source)
at org.openqa.selenium.remote.W3CHandshakeResponse.lambda$new$0(W3CHandshakeResponse.java:57)
at org.openqa.selenium.remote.W3CHandshakeResponse.lambda$getResponseFunction$2(W3CHandshakeResponse.java:104)
at org.openqa.selenium.remote.ProtocolHandshake.lambda$createSession$0(ProtocolHandshake.java:122)
at java.util.stream.ReferencePipeline$3$1.accept(Unknown Source)
at java.util.Spliterators$ArraySpliterator.tryAdvance(Unknown Source)
at java.util.stream.ReferencePipeline.forEachWithCancel(Unknown Source)
at java.util.stream.AbstractPipeline.copyIntoWithCancel(Unknown Source)
at java.util.stream.AbstractPipeline.copyInto(Unknown Source)
at java.util.stream.AbstractPipeline.wrapAndCopyInto(Unknown Source)
at java.util.stream.FindOps$FindOp.evaluateSequential(Unknown Source)
at java.util.stream.AbstractPipeline.evaluate(Unknown Source)
at java.util.stream.ReferencePipeline.findFirst(Unknown Source)
at org.openqa.selenium.remote.ProtocolHandshake.createSession(ProtocolHandshake.java:125)
at org.openqa.selenium.remote.ProtocolHandshake.createSession(ProtocolHandshake.java:73)
at org.openqa.selenium.remote.HttpCommandExecutor.execute(HttpCommandExecutor.java:136)
at org.openqa.selenium.remote.service.DriverCommandExecutor.execute(DriverCommandExecutor.java:83)
at org.openqa.selenium.remote.RemoteWebDriver.execute(RemoteWebDriver.java:548)
at org.openqa.selenium.remote.RemoteWebDriver.startSession(RemoteWebDriver.java:212)
at org.openqa.selenium.remote.RemoteWebDriver.<init>(RemoteWebDriver.java:130)
at org.openqa.selenium.chrome.ChromeDriver.<init>(ChromeDriver.java:181)
at org.openqa.selenium.chrome.ChromeDriver.<init>(ChromeDriver.java:168)
at org.openqa.selenium.chrome.ChromeDriver.<init>(ChromeDriver.java:123)
at resourcesphp.basephp.launchBrowser(basephp.java:20)
at DemoBDDkk.testfilesphp.basetestphp.beforeTestSetup(basetestphp.java:57)
at sun.reflect.NativeMethodAccessorImpl.invoke0(Native Method)
at sun.reflect.NativeMethodAccessorImpl.invoke(Unknown Source)
at sun.reflect.DelegatingMethodAccessorImpl.invoke(Unknown Source)
at java.lang.reflect.Method.invoke(Unknown Source)
at org.testng.internal.MethodInvocationHelper.invokeMethod(MethodInvocationHelper.java:124)
at org.testng.internal.MethodInvocationHelper.invokeMethodConsideringTimeout(MethodInvocationHelper.java:59)
at org.testng.internal.Invoker.invokeConfigurationMethod(Invoker.java:458)
at org.testng.internal.Invoker.invokeConfigurations(Invoker.java:222)
at org.testng.internal.Invoker.invokeConfigurations(Invoker.java:142)
at org.testng.TestRunner.beforeRun(TestRunner.java:529)
at org.testng.TestRunner.run(TestRunner.java:497)
at org.testng.SuiteRunner.runTest(SuiteRunner.java:455)
at org.testng.SuiteRunner.runSequentially(SuiteRunner.java:450)
at org.testng.SuiteRunner.privateRun(SuiteRunner.java:415)
at org.testng.SuiteRunner.run(SuiteRunner.java:364)
at org.testng.SuiteRunnerWorker.runSuite(SuiteRunnerWorker.java:52)
at org.testng.SuiteRunnerWorker.run(SuiteRunnerWorker.java:84)
at org.testng.TestNG.runSuitesSequentially(TestNG.java:1208)
at org.testng.TestNG.runSuitesLocally(TestNG.java:1137)
at org.testng.TestNG.runSuites(TestNG.java:1049)
at org.testng.TestNG.run(TestNG.java:1017)
at org.testng.remote.AbstractRemoteTestNG.run(AbstractRemoteTestNG.java:115)
at org.testng.remote.RemoteTestNG.initAndRun(RemoteTestNG.java:251)
at org.testng.remote.RemoteTestNG.main(RemoteTestNG.java:77)
]]>
    </failure>
  </testcase> <!-- @BeforeTest beforeTestSetup -->
  <testcase name="@AfterTest closeAll" time="0.0" classname="DemoBDDkk.testfilesphp.basetestphp">
    <skipped/>
  </testcase> <!-- @AfterTest closeAll -->
  <testcase name="Loginphptravels" time="0.0" classname="DemoBDDkk.testfilesphp.Loginphptest">
    <skipped/>
  </testcase> <!-- Loginphptravels -->
</testsuite> <!-- Default test -->
