<?xml version="1.0" encoding="UTF-8"?>
<!-- Generated by org.testng.reporters.JUnitReportReporter -->
<testsuite skipped="2" hostname="01HW902838" name="webassist.asSearch.ASSearchUINTest" tests="5" failures="1" timestamp="03 Sep 2019 11:06:39 GMT" time="47.693" errors="0">
  <testcase name="ASSearchTestMethodUINClear" time="18.769" classname="webassist.asSearch.ASSearchUINTest"/>
  <testcase name="ASSearchTestMethodUINInvalid" time="14.461" classname="webassist.asSearch.ASSearchUINTest"/>
  <testcase name="ASSearchTestMethodUINCorrect" time="14.463" classname="webassist.asSearch.ASSearchUINTest">
    <failure type="java.lang.AssertionError" message="Unable to Search using UIN  expected [true] but found [false]">
      <![CDATA[java.lang.AssertionError: Unable to Search using UIN  expected [true] but found [false]
at org.testng.Assert.fail(Assert.java:96)
at org.testng.Assert.failNotEquals(Assert.java:776)
at org.testng.Assert.assertTrue(Assert.java:44)
at webassist.asSearch.ASSearchUINTest.ASSearchTestMethodUINCorrect(ASSearchUINTest.java:53)
at sun.reflect.NativeMethodAccessorImpl.invoke0(Native Method)
at sun.reflect.NativeMethodAccessorImpl.invoke(Unknown Source)
at sun.reflect.DelegatingMethodAccessorImpl.invoke(Unknown Source)
at java.lang.reflect.Method.invoke(Unknown Source)
at org.testng.internal.MethodInvocationHelper.invokeMethod(MethodInvocationHelper.java:124)
at org.testng.internal.Invoker.invokeMethod(Invoker.java:583)
at org.testng.internal.Invoker.invokeTestMethod(Invoker.java:719)
at org.testng.internal.Invoker.invokeTestMethods(Invoker.java:989)
at org.testng.internal.TestMethodWorker.invokeTestMethods(TestMethodWorker.java:125)
at org.testng.internal.TestMethodWorker.run(TestMethodWorker.java:109)
at org.testng.TestRunner.privateRun(TestRunner.java:648)
at org.testng.TestRunner.run(TestRunner.java:505)
at org.testng.SuiteRunner.runTest(SuiteRunner.java:455)
at org.testng.SuiteRunner.runSequentially(SuiteRunner.java:450)
at org.testng.SuiteRunner.privateRun(SuiteRunner.java:415)
at org.testng.SuiteRunner.run(SuiteRunner.java:364)
at org.testng.SuiteRunnerWorker.runSuite(SuiteRunnerWorker.java:52)
at org.testng.SuiteRunnerWorker.run(SuiteRunnerWorker.java:84)
at org.testng.TestNG.runSuitesSequentially(TestNG.java:1208)
at org.testng.TestNG.runSuitesLocally(TestNG.java:1137)
at org.testng.TestNG.runSuites(TestNG.java:1049)
at org.testng.TestNG.run(TestNG.java:1017)
at org.testng.remote.AbstractRemoteTestNG.run(AbstractRemoteTestNG.java:115)
at org.testng.remote.RemoteTestNG.initAndRun(RemoteTestNG.java:251)
at org.testng.remote.RemoteTestNG.main(RemoteTestNG.java:77)
]]>
    </failure>
  </testcase> <!-- ASSearchTestMethodUINCorrect -->
  <testcase name="ASSearchTestMethodUINOutputValidation" time="0.000" classname="webassist.asSearch.ASSearchUINTest">
    <skipped/>
  </testcase> <!-- ASSearchTestMethodUINOutputValidation -->
  <testcase name="ASSearchTestMethodUINPageResults" time="0.000" classname="webassist.asSearch.ASSearchUINTest">
    <skipped/>
  </testcase> <!-- ASSearchTestMethodUINPageResults -->
</testsuite> <!-- webassist.asSearch.ASSearchUINTest -->
